<?xml version="1.0" encoding="UTF-8"?>
<testsuite xmlns:xsi="http://www.w3.org/2001/XMLSchema-instance" xsi:noNamespaceSchemaLocation="https://maven.apache.org/surefire/maven-surefire-plugin/xsd/surefire-test-report.xsd" name="login.LoginTest" time="39.17" tests="4" errors="0" skipped="0" failures="0">
  <properties>
[...]
</properties>
  <testcase name="loginThroughSignInButton" classname="login.LoginTest" time="10.021"/>
  <testcase name="loginThroughTheButtonInTheRegistrationForm" classname="login.LoginTest" time="9.738"/>
  <testcase name="loginThroughPersonalAccountButton" classname="login.LoginTest" time="9.647"/>
  <testcase name="LoginThroughTheButtonInThePasswordRecoveryForm" classname="login.LoginTest" time="9.758"/>
</testsuite>